{"/Users/jameskariuki/CP4-yummy-recipes/src/App.js": {"path":"/Users/jameskariuki/CP4-yummy-recipes/src/App.js","statementMap":{"0":{"start":{"line":14,"column":4},"end":{"line":29,"column":6}}},"fnMap":{"0":{"name":"(anonymous_0)","decl":{"start":{"line":13,"column":2},"end":{"line":13,"column":3}},"loc":{"start":{"line":13,"column":11},"end":{"line":30,"column":3}},"line":13}},"branchMap":{},"s":{"0":1},"f":{"0":1},"b":{},"_coverageSchema":"332fd63041d2c1bcb487cc26dd0d5f7d97098a6c","hash":"0619fb3087bcf58355e1b1941ce534b10f5d9f3b"}
,"/Users/jameskariuki/CP4-yummy-recipes/src/index.js": {"path":"/Users/jameskariuki/CP4-yummy-recipes/src/index.js","statementMap":{"0":{"start":{"line":1,"column":32},"end":{"line":1,"column":84}},"1":{"start":{"line":1,"column":98},"end":{"line":1,"column":114}},"2":{"start":{"line":1,"column":129},"end":{"line":1,"column":159}},"3":{"start":{"line":2,"column":16},"end":{"line":2,"column":36}},"4":{"start":{"line":2,"column":54},"end":{"line":2,"column":87}},"5":{"start":{"line":3,"column":11},"end":{"line":3,"column":27}},"6":{"start":{"line":3,"column":40},"end":{"line":3,"column":68}},"7":{"start":{"line":4,"column":29},"end":{"line":4,"column":63}},"8":{"start":{"line":4,"column":94},"end":{"line":4,"column":140}},"9":{"start":{"line":4,"column":179},"end":{"line":4,"column":233}},"10":{"start":{"line":6,"column":0},"end":{"line":6,"column":181}},"11":{"start":{"line":7,"column":0},"end":{"line":7,"column":39}}},"fnMap":{"0":{"name":"_interopRequireDefault","decl":{"start":{"line":4,"column":150},"end":{"line":4,"column":172}},"loc":{"start":{"line":4,"column":178},"end":{"line":4,"column":234}},"line":4}},"branchMap":{"0":{"loc":{"start":{"line":4,"column":186},"end":{"line":4,"column":232}},"type":"cond-expr","locations":[{"start":{"line":4,"column":210},"end":{"line":4,"column":213}},{"start":{"line":4,"column":216},"end":{"line":4,"column":232}}],"line":4},"1":{"loc":{"start":{"line":4,"column":186},"end":{"line":4,"column":207}},"type":"binary-expr","locations":[{"start":{"line":4,"column":186},"end":{"line":4,"column":189}},{"start":{"line":4,"column":193},"end":{"line":4,"column":207}}],"line":4}},"s":{"0":0,"1":0,"2":0,"3":0,"4":0,"5":0,"6":0,"7":0,"8":0,"9":0,"10":0,"11":0},"f":{"0":0},"b":{"0":[0,0],"1":[0,0]}}
,"/Users/jameskariuki/CP4-yummy-recipes/src/registerServiceWorker.js": {"path":"/Users/jameskariuki/CP4-yummy-recipes/src/registerServiceWorker.js","statementMap":{"0":{"start":{"line":1,"column":13},"end":{"line":1,"column":75}},"1":{"start":{"line":1,"column":75},"end":{"line":21,"column":9}},"2":{"start":{"line":21,"column":9},"end":{"line":111,"column":24}},"3":{"start":{"line":118,"column":20},"end":{"line":120,"column":89}},"4":{"start":{"line":120,"column":111},"end":{"line":128,"column":36}},"5":{"start":{"line":121,"column":22},"end":{"line":121,"column":70}},"6":{"start":{"line":121,"column":71},"end":{"line":124,"column":14}},"7":{"start":{"line":124,"column":6},"end":{"line":124,"column":13}},"8":{"start":{"line":124,"column":14},"end":{"line":128,"column":35}},"9":{"start":{"line":124,"column":67},"end":{"line":124,"column":112}},"10":{"start":{"line":124,"column":113},"end":{"line":128,"column":32}},"11":{"start":{"line":125,"column":8},"end":{"line":125,"column":39}},"12":{"start":{"line":127,"column":8},"end":{"line":127,"column":178}},"13":{"start":{"line":127,"column":50},"end":{"line":127,"column":175}},"14":{"start":{"line":128,"column":8},"end":{"line":128,"column":31}},"15":{"start":{"line":128,"column":70},"end":{"line":135,"column":156}},"16":{"start":{"line":128,"column":132},"end":{"line":135,"column":68}},"17":{"start":{"line":128,"column":193},"end":{"line":128,"column":216}},"18":{"start":{"line":128,"column":217},"end":{"line":135,"column":66}},"19":{"start":{"line":128,"column":257},"end":{"line":135,"column":64}},"20":{"start":{"line":128,"column":302},"end":{"line":135,"column":63}},"21":{"start":{"line":132,"column":12},"end":{"line":132,"column":69}},"22":{"start":{"line":135,"column":12},"end":{"line":135,"column":62}},"23":{"start":{"line":135,"column":87},"end":{"line":135,"column":153}},"24":{"start":{"line":136,"column":2},"end":{"line":139,"column":126}},"25":{"start":{"line":137,"column":4},"end":{"line":139,"column":30}},"26":{"start":{"line":138,"column":6},"end":{"line":138,"column":127}},"27":{"start":{"line":138,"column":58},"end":{"line":138,"column":124}},"28":{"start":{"line":138,"column":96},"end":{"line":138,"column":121}},"29":{"start":{"line":139,"column":6},"end":{"line":139,"column":29}},"30":{"start":{"line":139,"column":46},"end":{"line":139,"column":123}},"31":{"start":{"line":139,"column":150},"end":{"line":139,"column":267}},"32":{"start":{"line":139,"column":185},"end":{"line":139,"column":266}},"33":{"start":{"line":139,"column":237},"end":{"line":139,"column":263}}},"fnMap":{"0":{"name":"register","decl":{"start":{"line":120,"column":99},"end":{"line":120,"column":107}},"loc":{"start":{"line":120,"column":110},"end":{"line":128,"column":37}},"line":120},"1":{"name":"(anonymous_1)","decl":{"start":{"line":124,"column":46},"end":{"line":124,"column":47}},"loc":{"start":{"line":124,"column":52},"end":{"line":128,"column":33}},"line":124},"2":{"name":"(anonymous_2)","decl":{"start":{"line":127,"column":43},"end":{"line":127,"column":44}},"loc":{"start":{"line":127,"column":49},"end":{"line":127,"column":176}},"line":127},"3":{"name":"registerValidSW","decl":{"start":{"line":128,"column":46},"end":{"line":128,"column":61}},"loc":{"start":{"line":128,"column":69},"end":{"line":135,"column":157}},"line":128},"4":{"name":"(anonymous_4)","decl":{"start":{"line":128,"column":115},"end":{"line":128,"column":116}},"loc":{"start":{"line":128,"column":131},"end":{"line":135,"column":69}},"line":128},"5":{"name":"(anonymous_5)","decl":{"start":{"line":128,"column":161},"end":{"line":128,"column":162}},"loc":{"start":{"line":128,"column":167},"end":{"line":135,"column":67}},"line":128},"6":{"name":"(anonymous_6)","decl":{"start":{"line":128,"column":250},"end":{"line":128,"column":251}},"loc":{"start":{"line":128,"column":256},"end":{"line":135,"column":65}},"line":128},"7":{"name":"(anonymous_7)","decl":{"start":{"line":135,"column":77},"end":{"line":135,"column":78}},"loc":{"start":{"line":135,"column":86},"end":{"line":135,"column":154}},"line":135},"8":{"name":"checkValidServiceWorker","decl":{"start":{"line":135,"column":166},"end":{"line":135,"column":189}},"loc":{"start":{"line":135,"column":197},"end":{"line":139,"column":127}},"line":135},"9":{"name":"(anonymous_9)","decl":{"start":{"line":136,"column":20},"end":{"line":136,"column":21}},"loc":{"start":{"line":136,"column":32},"end":{"line":139,"column":31}},"line":136},"10":{"name":"(anonymous_10)","decl":{"start":{"line":138,"column":41},"end":{"line":138,"column":42}},"loc":{"start":{"line":138,"column":57},"end":{"line":138,"column":125}},"line":138},"11":{"name":"(anonymous_11)","decl":{"start":{"line":138,"column":89},"end":{"line":138,"column":90}},"loc":{"start":{"line":138,"column":95},"end":{"line":138,"column":122}},"line":138},"12":{"name":"(anonymous_12)","decl":{"start":{"line":139,"column":39},"end":{"line":139,"column":40}},"loc":{"start":{"line":139,"column":45},"end":{"line":139,"column":124}},"line":139},"13":{"name":"unregister","decl":{"start":{"line":139,"column":136},"end":{"line":139,"column":146}},"loc":{"start":{"line":139,"column":149},"end":{"line":139,"column":268}},"line":139},"14":{"name":"(anonymous_14)","decl":{"start":{"line":139,"column":220},"end":{"line":139,"column":221}},"loc":{"start":{"line":139,"column":236},"end":{"line":139,"column":264}},"line":139}},"branchMap":{"0":{"loc":{"start":{"line":118,"column":28},"end":{"line":120,"column":88}},"type":"binary-expr","locations":[{"start":{"line":118,"column":28},"end":{"line":118,"column":68}},{"start":{"line":119,"column":0},"end":{"line":119,"column":36}},{"start":{"line":120,"column":0},"end":{"line":120,"column":88}}],"line":118},"1":{"loc":{"start":{"line":120,"column":111},"end":{"line":128,"column":36}},"type":"if","locations":[{"start":{"line":120,"column":111},"end":{"line":128,"column":36}},{"start":{"line":120,"column":111},"end":{"line":128,"column":36}}],"line":120},"2":{"loc":{"start":{"line":120,"column":115},"end":{"line":120,"column":184}},"type":"binary-expr","locations":[{"start":{"line":120,"column":115},"end":{"line":120,"column":152}},{"start":{"line":120,"column":156},"end":{"line":120,"column":184}}],"line":120},"3":{"loc":{"start":{"line":121,"column":71},"end":{"line":124,"column":14}},"type":"if","locations":[{"start":{"line":121,"column":71},"end":{"line":124,"column":14}},{"start":{"line":121,"column":71},"end":{"line":124,"column":14}}],"line":121},"4":{"loc":{"start":{"line":124,"column":113},"end":{"line":128,"column":32}},"type":"if","locations":[{"start":{"line":124,"column":113},"end":{"line":128,"column":32}},{"start":{"line":124,"column":113},"end":{"line":128,"column":32}}],"line":124},"5":{"loc":{"start":{"line":128,"column":257},"end":{"line":135,"column":64}},"type":"if","locations":[{"start":{"line":128,"column":257},"end":{"line":135,"column":64}},{"start":{"line":128,"column":257},"end":{"line":135,"column":64}}],"line":128},"6":{"loc":{"start":{"line":128,"column":302},"end":{"line":135,"column":63}},"type":"if","locations":[{"start":{"line":128,"column":302},"end":{"line":135,"column":63}},{"start":{"line":128,"column":302},"end":{"line":135,"column":63}}],"line":128},"7":{"loc":{"start":{"line":137,"column":4},"end":{"line":139,"column":30}},"type":"if","locations":[{"start":{"line":137,"column":4},"end":{"line":139,"column":30}},{"start":{"line":137,"column":4},"end":{"line":139,"column":30}}],"line":137},"8":{"loc":{"start":{"line":137,"column":8},"end":{"line":137,"column":100}},"type":"binary-expr","locations":[{"start":{"line":137,"column":8},"end":{"line":137,"column":31}},{"start":{"line":137,"column":35},"end":{"line":137,"column":100}}],"line":137},"9":{"loc":{"start":{"line":139,"column":150},"end":{"line":139,"column":267}},"type":"if","locations":[{"start":{"line":139,"column":150},"end":{"line":139,"column":267}},{"start":{"line":139,"column":150},"end":{"line":139,"column":267}}],"line":139}},"s":{"0":0,"1":0,"2":0,"3":0,"4":0,"5":0,"6":0,"7":0,"8":0,"9":0,"10":0,"11":0,"12":0,"13":0,"14":0,"15":0,"16":0,"17":0,"18":0,"19":0,"20":0,"21":0,"22":0,"23":0,"24":0,"25":0,"26":0,"27":0,"28":0,"29":0,"30":0,"31":0,"32":0,"33":0},"f":{"0":0,"1":0,"2":0,"3":0,"4":0,"5":0,"6":0,"7":0,"8":0,"9":0,"10":0,"11":0,"12":0,"13":0,"14":0},"b":{"0":[0,0,0],"1":[0,0],"2":[0,0],"3":[0,0],"4":[0,0],"5":[0,0],"6":[0,0],"7":[0,0],"8":[0,0],"9":[0,0]}}
,"/Users/jameskariuki/CP4-yummy-recipes/src/setupTests.js": {"path":"/Users/jameskariuki/CP4-yummy-recipes/src/setupTests.js","statementMap":{"0":{"start":{"line":4,"column":0},"end":{"line":4,"column":38}}},"fnMap":{},"branchMap":{},"s":{"0":3},"f":{},"b":{},"_coverageSchema":"332fd63041d2c1bcb487cc26dd0d5f7d97098a6c","hash":"f26987ef6bc74d548b5388966a148dc53eef0c5b"}
,"/Users/jameskariuki/CP4-yummy-recipes/src/components/category_functions.js": {"path":"/Users/jameskariuki/CP4-yummy-recipes/src/components/category_functions.js","statementMap":{"0":{"start":{"line":1,"column":13},"end":{"line":1,"column":75}},"1":{"start":{"line":1,"column":99},"end":{"line":3,"column":1}}},"fnMap":{"0":{"name":"(anonymous_0)","decl":{"start":{"line":1,"column":125},"end":{"line":1,"column":126}},"loc":{"start":{"line":1,"column":147},"end":{"line":3,"column":1}},"line":1}},"branchMap":{},"s":{"0":0,"1":0},"f":{"0":0},"b":{}}
,"/Users/jameskariuki/CP4-yummy-recipes/src/components/change_password.js": {"path":"/Users/jameskariuki/CP4-yummy-recipes/src/components/change_password.js","statementMap":{"0":{"start":{"line":6,"column":8},"end":{"line":6,"column":21}},"1":{"start":{"line":7,"column":8},"end":{"line":7,"column":56}},"2":{"start":{"line":11,"column":30},"end":{"line":11,"column":42}},"3":{"start":{"line":12,"column":8},"end":{"line":12,"column":39}},"4":{"start":{"line":16,"column":45},"end":{"line":16,"column":55}},"5":{"start":{"line":17,"column":23},"end":{"line":18,"column":45}},"6":{"start":{"line":19,"column":8},"end":{"line":19,"column":31}},"7":{"start":{"line":20,"column":19},"end":{"line":20,"column":55}},"8":{"start":{"line":21,"column":8},"end":{"line":21,"column":26}},"9":{"start":{"line":22,"column":8},"end":{"line":33,"column":15}},"10":{"start":{"line":24,"column":16},"end":{"line":24,"column":73}},"11":{"start":{"line":27,"column":16},"end":{"line":32,"column":17}},"12":{"start":{"line":28,"column":20},"end":{"line":28,"column":82}},"13":{"start":{"line":29,"column":20},"end":{"line":29,"column":47}},"14":{"start":{"line":30,"column":23},"end":{"line":32,"column":17}},"15":{"start":{"line":31,"column":20},"end":{"line":31,"column":127}},"16":{"start":{"line":36,"column":8},"end":{"line":77,"column":10}}},"fnMap":{"0":{"name":"(anonymous_0)","decl":{"start":{"line":5,"column":4},"end":{"line":5,"column":5}},"loc":{"start":{"line":5,"column":22},"end":{"line":8,"column":5}},"line":5},"1":{"name":"(anonymous_1)","decl":{"start":{"line":10,"column":19},"end":{"line":10,"column":20}},"loc":{"start":{"line":10,"column":30},"end":{"line":13,"column":5}},"line":10},"2":{"name":"(anonymous_2)","decl":{"start":{"line":15,"column":30},"end":{"line":15,"column":31}},"loc":{"start":{"line":15,"column":41},"end":{"line":34,"column":5}},"line":15},"3":{"name":"(anonymous_3)","decl":{"start":{"line":23,"column":18},"end":{"line":23,"column":19}},"loc":{"start":{"line":23,"column":30},"end":{"line":25,"column":13}},"line":23},"4":{"name":"(anonymous_4)","decl":{"start":{"line":26,"column":19},"end":{"line":26,"column":20}},"loc":{"start":{"line":26,"column":28},"end":{"line":33,"column":13}},"line":26},"5":{"name":"(anonymous_5)","decl":{"start":{"line":35,"column":4},"end":{"line":35,"column":5}},"loc":{"start":{"line":35,"column":13},"end":{"line":78,"column":5}},"line":35}},"branchMap":{"0":{"loc":{"start":{"line":27,"column":16},"end":{"line":32,"column":17}},"type":"if","locations":[{"start":{"line":27,"column":16},"end":{"line":32,"column":17}},{"start":{"line":27,"column":16},"end":{"line":32,"column":17}}],"line":27},"1":{"loc":{"start":{"line":30,"column":23},"end":{"line":32,"column":17}},"type":"if","locations":[{"start":{"line":30,"column":23},"end":{"line":32,"column":17}},{"start":{"line":30,"column":23},"end":{"line":32,"column":17}}],"line":30},"2":{"loc":{"start":{"line":48,"column":20},"end":{"line":49,"column":96}},"type":"cond-expr","locations":[{"start":{"line":49,"column":32},"end":{"line":49,"column":92}},{"start":{"line":49,"column":94},"end":{"line":49,"column":96}}],"line":48},"3":{"loc":{"start":{"line":50,"column":33},"end":{"line":51,"column":96}},"type":"cond-expr","locations":[{"start":{"line":51,"column":32},"end":{"line":51,"column":92}},{"start":{"line":51,"column":94},"end":{"line":51,"column":96}}],"line":50}},"s":{"0":0,"1":0,"2":0,"3":0,"4":0,"5":0,"6":0,"7":0,"8":0,"9":0,"10":0,"11":0,"12":0,"13":0,"14":0,"15":0,"16":0},"f":{"0":0,"1":0,"2":0,"3":0,"4":0,"5":0},"b":{"0":[0,0],"1":[0,0],"2":[0,0],"3":[0,0]},"_coverageSchema":"332fd63041d2c1bcb487cc26dd0d5f7d97098a6c","hash":"67dcf8e10dd41a4ed6e29a9f5d6cf531527fec71"}
,"/Users/jameskariuki/CP4-yummy-recipes/src/components/create_category.js": {"path":"/Users/jameskariuki/CP4-yummy-recipes/src/components/create_category.js","statementMap":{"0":{"start":{"line":6,"column":8},"end":{"line":6,"column":21}},"1":{"start":{"line":7,"column":8},"end":{"line":7,"column":41}},"2":{"start":{"line":11,"column":30},"end":{"line":11,"column":42}},"3":{"start":{"line":12,"column":8},"end":{"line":12,"column":39}},"4":{"start":{"line":16,"column":32},"end":{"line":16,"column":42}},"5":{"start":{"line":17,"column":8},"end":{"line":17,"column":31}},"6":{"start":{"line":18,"column":23},"end":{"line":19,"column":45}},"7":{"start":{"line":20,"column":8},"end":{"line":21,"column":42}},"8":{"start":{"line":21,"column":12},"end":{"line":21,"column":42}},"9":{"start":{"line":22,"column":8},"end":{"line":34,"column":15}},"10":{"start":{"line":24,"column":16},"end":{"line":24,"column":73}},"11":{"start":{"line":25,"column":16},"end":{"line":25,"column":53}},"12":{"start":{"line":28,"column":16},"end":{"line":33,"column":17}},"13":{"start":{"line":29,"column":20},"end":{"line":29,"column":82}},"14":{"start":{"line":30,"column":20},"end":{"line":30,"column":60}},"15":{"start":{"line":31,"column":23},"end":{"line":33,"column":17}},"16":{"start":{"line":32,"column":20},"end":{"line":32,"column":127}},"17":{"start":{"line":37,"column":8},"end":{"line":69,"column":10}}},"fnMap":{"0":{"name":"(anonymous_0)","decl":{"start":{"line":5,"column":4},"end":{"line":5,"column":5}},"loc":{"start":{"line":5,"column":22},"end":{"line":8,"column":5}},"line":5},"1":{"name":"(anonymous_1)","decl":{"start":{"line":10,"column":19},"end":{"line":10,"column":20}},"loc":{"start":{"line":10,"column":30},"end":{"line":13,"column":5}},"line":10},"2":{"name":"(anonymous_2)","decl":{"start":{"line":15,"column":30},"end":{"line":15,"column":31}},"loc":{"start":{"line":15,"column":41},"end":{"line":35,"column":5}},"line":15},"3":{"name":"(anonymous_3)","decl":{"start":{"line":23,"column":18},"end":{"line":23,"column":19}},"loc":{"start":{"line":23,"column":30},"end":{"line":26,"column":13}},"line":23},"4":{"name":"(anonymous_4)","decl":{"start":{"line":27,"column":19},"end":{"line":27,"column":20}},"loc":{"start":{"line":27,"column":28},"end":{"line":34,"column":13}},"line":27},"5":{"name":"(anonymous_5)","decl":{"start":{"line":36,"column":4},"end":{"line":36,"column":5}},"loc":{"start":{"line":36,"column":13},"end":{"line":70,"column":5}},"line":36}},"branchMap":{"0":{"loc":{"start":{"line":20,"column":8},"end":{"line":21,"column":42}},"type":"if","locations":[{"start":{"line":20,"column":8},"end":{"line":21,"column":42}},{"start":{"line":20,"column":8},"end":{"line":21,"column":42}}],"line":20},"1":{"loc":{"start":{"line":28,"column":16},"end":{"line":33,"column":17}},"type":"if","locations":[{"start":{"line":28,"column":16},"end":{"line":33,"column":17}},{"start":{"line":28,"column":16},"end":{"line":33,"column":17}}],"line":28},"2":{"loc":{"start":{"line":31,"column":23},"end":{"line":33,"column":17}},"type":"if","locations":[{"start":{"line":31,"column":23},"end":{"line":33,"column":17}},{"start":{"line":31,"column":23},"end":{"line":33,"column":17}}],"line":31},"3":{"loc":{"start":{"line":46,"column":29},"end":{"line":47,"column":92}},"type":"cond-expr","locations":[{"start":{"line":47,"column":28},"end":{"line":47,"column":88}},{"start":{"line":47,"column":90},"end":{"line":47,"column":92}}],"line":46},"4":{"loc":{"start":{"line":48,"column":29},"end":{"line":49,"column":96}},"type":"cond-expr","locations":[{"start":{"line":49,"column":32},"end":{"line":49,"column":92}},{"start":{"line":49,"column":94},"end":{"line":49,"column":96}}],"line":48}},"s":{"0":0,"1":0,"2":0,"3":0,"4":0,"5":0,"6":0,"7":0,"8":0,"9":0,"10":0,"11":0,"12":0,"13":0,"14":0,"15":0,"16":0,"17":0},"f":{"0":0,"1":0,"2":0,"3":0,"4":0,"5":0},"b":{"0":[0,0],"1":[0,0],"2":[0,0],"3":[0,0],"4":[0,0]},"_coverageSchema":"332fd63041d2c1bcb487cc26dd0d5f7d97098a6c","hash":"feaa94f6fddb5aff79abf28b42f5b203918f75d0"}
,"/Users/jameskariuki/CP4-yummy-recipes/src/components/delete_category.js": {"path":"/Users/jameskariuki/CP4-yummy-recipes/src/components/delete_category.js","statementMap":{"0":{"start":{"line":5,"column":8},"end":{"line":5,"column":21}},"1":{"start":{"line":7,"column":12},"end":{"line":7,"column":46}},"2":{"start":{"line":11,"column":8},"end":{"line":11,"column":31}},"3":{"start":{"line":12,"column":23},"end":{"line":13,"column":45}},"4":{"start":{"line":14,"column":8},"end":{"line":27,"column":15}},"5":{"start":{"line":16,"column":16},"end":{"line":16,"column":86}},"6":{"start":{"line":17,"column":16},"end":{"line":17,"column":51}},"7":{"start":{"line":21,"column":16},"end":{"line":26,"column":17}},"8":{"start":{"line":22,"column":20},"end":{"line":22,"column":82}},"9":{"start":{"line":23,"column":20},"end":{"line":23,"column":60}},"10":{"start":{"line":24,"column":23},"end":{"line":26,"column":17}},"11":{"start":{"line":25,"column":20},"end":{"line":25,"column":127}},"12":{"start":{"line":30,"column":8},"end":{"line":60,"column":10}}},"fnMap":{"0":{"name":"(anonymous_0)","decl":{"start":{"line":4,"column":4},"end":{"line":4,"column":5}},"loc":{"start":{"line":4,"column":22},"end":{"line":8,"column":5}},"line":4},"1":{"name":"(anonymous_1)","decl":{"start":{"line":10,"column":30},"end":{"line":10,"column":31}},"loc":{"start":{"line":10,"column":41},"end":{"line":28,"column":5}},"line":10},"2":{"name":"(anonymous_2)","decl":{"start":{"line":15,"column":14},"end":{"line":15,"column":15}},"loc":{"start":{"line":15,"column":26},"end":{"line":19,"column":13}},"line":15},"3":{"name":"(anonymous_3)","decl":{"start":{"line":20,"column":19},"end":{"line":20,"column":20}},"loc":{"start":{"line":20,"column":28},"end":{"line":27,"column":13}},"line":20},"4":{"name":"(anonymous_4)","decl":{"start":{"line":29,"column":4},"end":{"line":29,"column":5}},"loc":{"start":{"line":29,"column":13},"end":{"line":61,"column":5}},"line":29}},"branchMap":{"0":{"loc":{"start":{"line":21,"column":16},"end":{"line":26,"column":17}},"type":"if","locations":[{"start":{"line":21,"column":16},"end":{"line":26,"column":17}},{"start":{"line":21,"column":16},"end":{"line":26,"column":17}}],"line":21},"1":{"loc":{"start":{"line":24,"column":23},"end":{"line":26,"column":17}},"type":"if","locations":[{"start":{"line":24,"column":23},"end":{"line":26,"column":17}},{"start":{"line":24,"column":23},"end":{"line":26,"column":17}}],"line":24},"2":{"loc":{"start":{"line":43,"column":29},"end":{"line":44,"column":96}},"type":"cond-expr","locations":[{"start":{"line":44,"column":32},"end":{"line":44,"column":92}},{"start":{"line":44,"column":94},"end":{"line":44,"column":96}}],"line":43}},"s":{"0":0,"1":0,"2":0,"3":0,"4":0,"5":0,"6":0,"7":0,"8":0,"9":0,"10":0,"11":0,"12":0},"f":{"0":0,"1":0,"2":0,"3":0,"4":0},"b":{"0":[0,0],"1":[0,0],"2":[0,0]},"_coverageSchema":"332fd63041d2c1bcb487cc26dd0d5f7d97098a6c","hash":"61964cde18aad9e7282f9ac362acddd8f68e36a4"}
,"/Users/jameskariuki/CP4-yummy-recipes/src/components/edit_category.js": {"path":"/Users/jameskariuki/CP4-yummy-recipes/src/components/edit_category.js","statementMap":{"0":{"start":{"line":5,"column":8},"end":{"line":5,"column":21}},"1":{"start":{"line":6,"column":8},"end":{"line":6,"column":33}},"2":{"start":{"line":9,"column":8},"end":{"line":9,"column":31}},"3":{"start":{"line":10,"column":28},"end":{"line":10,"column":40}},"4":{"start":{"line":11,"column":8},"end":{"line":11,"column":39}},"5":{"start":{"line":15,"column":8},"end":{"line":15,"column":31}},"6":{"start":{"line":16,"column":32},"end":{"line":16,"column":42}},"7":{"start":{"line":17,"column":23},"end":{"line":18,"column":45}},"8":{"start":{"line":19,"column":8},"end":{"line":33,"column":15}},"9":{"start":{"line":21,"column":16},"end":{"line":21,"column":85}},"10":{"start":{"line":22,"column":16},"end":{"line":22,"column":49}},"11":{"start":{"line":27,"column":16},"end":{"line":32,"column":17}},"12":{"start":{"line":28,"column":20},"end":{"line":28,"column":82}},"13":{"start":{"line":29,"column":20},"end":{"line":29,"column":60}},"14":{"start":{"line":30,"column":23},"end":{"line":32,"column":17}},"15":{"start":{"line":31,"column":20},"end":{"line":31,"column":127}},"16":{"start":{"line":36,"column":8},"end":{"line":68,"column":10}}},"fnMap":{"0":{"name":"(anonymous_0)","decl":{"start":{"line":4,"column":4},"end":{"line":4,"column":5}},"loc":{"start":{"line":4,"column":22},"end":{"line":7,"column":5}},"line":4},"1":{"name":"(anonymous_1)","decl":{"start":{"line":8,"column":19},"end":{"line":8,"column":20}},"loc":{"start":{"line":8,"column":30},"end":{"line":12,"column":5}},"line":8},"2":{"name":"(anonymous_2)","decl":{"start":{"line":14,"column":28},"end":{"line":14,"column":29}},"loc":{"start":{"line":14,"column":39},"end":{"line":34,"column":5}},"line":14},"3":{"name":"(anonymous_3)","decl":{"start":{"line":20,"column":18},"end":{"line":20,"column":19}},"loc":{"start":{"line":20,"column":30},"end":{"line":25,"column":13}},"line":20},"4":{"name":"(anonymous_4)","decl":{"start":{"line":26,"column":19},"end":{"line":26,"column":20}},"loc":{"start":{"line":26,"column":28},"end":{"line":33,"column":13}},"line":26},"5":{"name":"(anonymous_5)","decl":{"start":{"line":35,"column":4},"end":{"line":35,"column":5}},"loc":{"start":{"line":35,"column":13},"end":{"line":69,"column":5}},"line":35}},"branchMap":{"0":{"loc":{"start":{"line":27,"column":16},"end":{"line":32,"column":17}},"type":"if","locations":[{"start":{"line":27,"column":16},"end":{"line":32,"column":17}},{"start":{"line":27,"column":16},"end":{"line":32,"column":17}}],"line":27},"1":{"loc":{"start":{"line":30,"column":23},"end":{"line":32,"column":17}},"type":"if","locations":[{"start":{"line":30,"column":23},"end":{"line":32,"column":17}},{"start":{"line":30,"column":23},"end":{"line":32,"column":17}}],"line":30},"2":{"loc":{"start":{"line":46,"column":29},"end":{"line":47,"column":96}},"type":"cond-expr","locations":[{"start":{"line":47,"column":32},"end":{"line":47,"column":92}},{"start":{"line":47,"column":94},"end":{"line":47,"column":96}}],"line":46}},"s":{"0":0,"1":0,"2":0,"3":0,"4":0,"5":0,"6":0,"7":0,"8":0,"9":0,"10":0,"11":0,"12":0,"13":0,"14":0,"15":0,"16":0},"f":{"0":0,"1":0,"2":0,"3":0,"4":0,"5":0},"b":{"0":[0,0],"1":[0,0],"2":[0,0]},"_coverageSchema":"332fd63041d2c1bcb487cc26dd0d5f7d97098a6c","hash":"e3501232dfde3bf001aebd1e9a0f12beb86e8ea9"}
,"/Users/jameskariuki/CP4-yummy-recipes/src/components/home.js": {"path":"/Users/jameskariuki/CP4-yummy-recipes/src/components/home.js","statementMap":{"0":{"start":{"line":10,"column":10},"end":{"line":10,"column":45}},"1":{"start":{"line":13,"column":8},"end":{"line":13,"column":21}},"2":{"start":{"line":14,"column":8},"end":{"line":14,"column":49}},"3":{"start":{"line":18,"column":30},"end":{"line":18,"column":42}},"4":{"start":{"line":19,"column":8},"end":{"line":19,"column":39}},"5":{"start":{"line":23,"column":23},"end":{"line":24,"column":45}},"6":{"start":{"line":25,"column":12},"end":{"line":29,"column":13}},"7":{"start":{"line":26,"column":16},"end":{"line":26,"column":42}},"8":{"start":{"line":27,"column":18},"end":{"line":29,"column":13}},"9":{"start":{"line":28,"column":16},"end":{"line":28,"column":44}},"10":{"start":{"line":30,"column":8},"end":{"line":56,"column":15}},"11":{"start":{"line":32,"column":16},"end":{"line":37,"column":38}},"12":{"start":{"line":40,"column":16},"end":{"line":55,"column":17}},"13":{"start":{"line":41,"column":20},"end":{"line":52,"column":21}},"14":{"start":{"line":43,"column":24},"end":{"line":44,"column":56}},"15":{"start":{"line":46,"column":25},"end":{"line":52,"column":21}},"16":{"start":{"line":48,"column":24},"end":{"line":49,"column":72}},"17":{"start":{"line":51,"column":20},"end":{"line":51,"column":82}},"18":{"start":{"line":53,"column":23},"end":{"line":55,"column":17}},"19":{"start":{"line":54,"column":20},"end":{"line":54,"column":70}},"20":{"start":{"line":57,"column":12},"end":{"line":57,"column":54}},"21":{"start":{"line":60,"column":8},"end":{"line":60,"column":48}},"22":{"start":{"line":63,"column":8},"end":{"line":63,"column":30}},"23":{"start":{"line":64,"column":8},"end":{"line":64,"column":57}},"24":{"start":{"line":67,"column":8},"end":{"line":67,"column":39}},"25":{"start":{"line":71,"column":50},"end":{"line":71,"column":60}},"26":{"start":{"line":72,"column":20},"end":{"line":72,"column":22}},"27":{"start":{"line":73,"column":8},"end":{"line":82,"column":9}},"28":{"start":{"line":74,"column":12},"end":{"line":81,"column":14}},"29":{"start":{"line":83,"column":8},"end":{"line":162,"column":10}},"30":{"start":{"line":124,"column":44},"end":{"line":149,"column":50}}},"fnMap":{"0":{"name":"(anonymous_0)","decl":{"start":{"line":12,"column":4},"end":{"line":12,"column":5}},"loc":{"start":{"line":12,"column":23},"end":{"line":15,"column":5}},"line":12},"1":{"name":"(anonymous_1)","decl":{"start":{"line":17,"column":19},"end":{"line":17,"column":20}},"loc":{"start":{"line":17,"column":30},"end":{"line":20,"column":5}},"line":17},"2":{"name":"(anonymous_2)","decl":{"start":{"line":22,"column":30},"end":{"line":22,"column":31}},"loc":{"start":{"line":22,"column":47},"end":{"line":58,"column":5}},"line":22},"3":{"name":"(anonymous_3)","decl":{"start":{"line":31,"column":18},"end":{"line":31,"column":19}},"loc":{"start":{"line":31,"column":30},"end":{"line":38,"column":13}},"line":31},"4":{"name":"(anonymous_4)","decl":{"start":{"line":39,"column":19},"end":{"line":39,"column":20}},"loc":{"start":{"line":39,"column":28},"end":{"line":56,"column":13}},"line":39},"5":{"name":"(anonymous_5)","decl":{"start":{"line":59,"column":25},"end":{"line":59,"column":26}},"loc":{"start":{"line":59,"column":35},"end":{"line":61,"column":5}},"line":59},"6":{"name":"(anonymous_6)","decl":{"start":{"line":62,"column":21},"end":{"line":62,"column":22}},"loc":{"start":{"line":62,"column":32},"end":{"line":65,"column":5}},"line":62},"7":{"name":"(anonymous_7)","decl":{"start":{"line":66,"column":4},"end":{"line":66,"column":5}},"loc":{"start":{"line":66,"column":23},"end":{"line":68,"column":5}},"line":66},"8":{"name":"(anonymous_8)","decl":{"start":{"line":70,"column":4},"end":{"line":70,"column":5}},"loc":{"start":{"line":70,"column":13},"end":{"line":163,"column":5}},"line":70},"9":{"name":"(anonymous_9)","decl":{"start":{"line":123,"column":49},"end":{"line":123,"column":50}},"loc":{"start":{"line":124,"column":44},"end":{"line":149,"column":50}},"line":124}},"branchMap":{"0":{"loc":{"start":{"line":25,"column":12},"end":{"line":29,"column":13}},"type":"if","locations":[{"start":{"line":25,"column":12},"end":{"line":29,"column":13}},{"start":{"line":25,"column":12},"end":{"line":29,"column":13}}],"line":25},"1":{"loc":{"start":{"line":27,"column":18},"end":{"line":29,"column":13}},"type":"if","locations":[{"start":{"line":27,"column":18},"end":{"line":29,"column":13}},{"start":{"line":27,"column":18},"end":{"line":29,"column":13}}],"line":27},"2":{"loc":{"start":{"line":40,"column":16},"end":{"line":55,"column":17}},"type":"if","locations":[{"start":{"line":40,"column":16},"end":{"line":55,"column":17}},{"start":{"line":40,"column":16},"end":{"line":55,"column":17}}],"line":40},"3":{"loc":{"start":{"line":41,"column":20},"end":{"line":52,"column":21}},"type":"if","locations":[{"start":{"line":41,"column":20},"end":{"line":52,"column":21}},{"start":{"line":41,"column":20},"end":{"line":52,"column":21}}],"line":41},"4":{"loc":{"start":{"line":46,"column":25},"end":{"line":52,"column":21}},"type":"if","locations":[{"start":{"line":46,"column":25},"end":{"line":52,"column":21}},{"start":{"line":46,"column":25},"end":{"line":52,"column":21}}],"line":46},"5":{"loc":{"start":{"line":53,"column":23},"end":{"line":55,"column":17}},"type":"if","locations":[{"start":{"line":53,"column":23},"end":{"line":55,"column":17}},{"start":{"line":53,"column":23},"end":{"line":55,"column":17}}],"line":53},"6":{"loc":{"start":{"line":116,"column":29},"end":{"line":119,"column":42}},"type":"cond-expr","locations":[{"start":{"line":117,"column":32},"end":{"line":119,"column":38}},{"start":{"line":119,"column":40},"end":{"line":119,"column":42}}],"line":116}},"s":{"0":2,"1":0,"2":0,"3":0,"4":0,"5":0,"6":0,"7":0,"8":0,"9":0,"10":0,"11":0,"12":0,"13":0,"14":0,"15":0,"16":0,"17":0,"18":0,"19":0,"20":0,"21":0,"22":0,"23":0,"24":0,"25":0,"26":0,"27":0,"28":0,"29":0,"30":0},"f":{"0":0,"1":0,"2":0,"3":0,"4":0,"5":0,"6":0,"7":0,"8":0,"9":0},"b":{"0":[0,0],"1":[0,0],"2":[0,0],"3":[0,0],"4":[0,0],"5":[0,0],"6":[0,0]},"_coverageSchema":"332fd63041d2c1bcb487cc26dd0d5f7d97098a6c","hash":"1ad3030f119236fa527940094e70dac7661dadd4"}
,"/Users/jameskariuki/CP4-yummy-recipes/src/components/jumbotron.js": {"path":"/Users/jameskariuki/CP4-yummy-recipes/src/components/jumbotron.js","statementMap":{"0":{"start":{"line":7,"column":8},"end":{"line":20,"column":10}}},"fnMap":{"0":{"name":"(anonymous_0)","decl":{"start":{"line":6,"column":4},"end":{"line":6,"column":5}},"loc":{"start":{"line":6,"column":13},"end":{"line":21,"column":5}},"line":6}},"branchMap":{},"s":{"0":1},"f":{"0":1},"b":{},"_coverageSchema":"332fd63041d2c1bcb487cc26dd0d5f7d97098a6c","hash":"af44a96628921eaae13ba03f1f2a953d77a302ec"}
,"/Users/jameskariuki/CP4-yummy-recipes/src/components/login.js": {"path":"/Users/jameskariuki/CP4-yummy-recipes/src/components/login.js","statementMap":{"0":{"start":{"line":11,"column":8},"end":{"line":11,"column":21}},"1":{"start":{"line":12,"column":8},"end":{"line":12,"column":47}},"2":{"start":{"line":16,"column":30},"end":{"line":16,"column":42}},"3":{"start":{"line":17,"column":8},"end":{"line":17,"column":39}},"4":{"start":{"line":21,"column":33},"end":{"line":21,"column":43}},"5":{"start":{"line":22,"column":8},"end":{"line":22,"column":31}},"6":{"start":{"line":23,"column":8},"end":{"line":37,"column":15}},"7":{"start":{"line":25,"column":16},"end":{"line":25,"column":53}},"8":{"start":{"line":26,"column":16},"end":{"line":26,"column":80}},"9":{"start":{"line":27,"column":16},"end":{"line":27,"column":74}},"10":{"start":{"line":28,"column":16},"end":{"line":28,"column":81}},"11":{"start":{"line":29,"column":16},"end":{"line":29,"column":49}},"12":{"start":{"line":32,"column":16},"end":{"line":36,"column":17}},"13":{"start":{"line":33,"column":20},"end":{"line":33,"column":72}},"14":{"start":{"line":34,"column":23},"end":{"line":36,"column":17}},"15":{"start":{"line":35,"column":20},"end":{"line":35,"column":127}},"16":{"start":{"line":41,"column":33},"end":{"line":41,"column":43}},"17":{"start":{"line":42,"column":8},"end":{"line":92,"column":10}}},"fnMap":{"0":{"name":"(anonymous_0)","decl":{"start":{"line":10,"column":4},"end":{"line":10,"column":5}},"loc":{"start":{"line":10,"column":22},"end":{"line":13,"column":5}},"line":10},"1":{"name":"(anonymous_1)","decl":{"start":{"line":15,"column":19},"end":{"line":15,"column":20}},"loc":{"start":{"line":15,"column":30},"end":{"line":18,"column":5}},"line":15},"2":{"name":"(anonymous_2)","decl":{"start":{"line":20,"column":19},"end":{"line":20,"column":20}},"loc":{"start":{"line":20,"column":30},"end":{"line":38,"column":5}},"line":20},"3":{"name":"(anonymous_3)","decl":{"start":{"line":24,"column":18},"end":{"line":24,"column":19}},"loc":{"start":{"line":24,"column":30},"end":{"line":30,"column":13}},"line":24},"4":{"name":"(anonymous_4)","decl":{"start":{"line":31,"column":19},"end":{"line":31,"column":20}},"loc":{"start":{"line":31,"column":28},"end":{"line":37,"column":13}},"line":31},"5":{"name":"(anonymous_5)","decl":{"start":{"line":40,"column":4},"end":{"line":40,"column":5}},"loc":{"start":{"line":40,"column":13},"end":{"line":93,"column":5}},"line":40}},"branchMap":{"0":{"loc":{"start":{"line":32,"column":16},"end":{"line":36,"column":17}},"type":"if","locations":[{"start":{"line":32,"column":16},"end":{"line":36,"column":17}},{"start":{"line":32,"column":16},"end":{"line":36,"column":17}}],"line":32},"1":{"loc":{"start":{"line":34,"column":23},"end":{"line":36,"column":17}},"type":"if","locations":[{"start":{"line":34,"column":23},"end":{"line":36,"column":17}},{"start":{"line":34,"column":23},"end":{"line":36,"column":17}}],"line":34},"2":{"loc":{"start":{"line":59,"column":29},"end":{"line":60,"column":96}},"type":"cond-expr","locations":[{"start":{"line":60,"column":32},"end":{"line":60,"column":92}},{"start":{"line":60,"column":94},"end":{"line":60,"column":96}}],"line":59}},"s":{"0":1,"1":1,"2":0,"3":0,"4":1,"5":1,"6":1,"7":0,"8":0,"9":0,"10":0,"11":0,"12":1,"13":0,"14":1,"15":1,"16":2,"17":2},"f":{"0":1,"1":0,"2":1,"3":0,"4":1,"5":2},"b":{"0":[0,1],"1":[1,0],"2":[1,1]},"_coverageSchema":"332fd63041d2c1bcb487cc26dd0d5f7d97098a6c","hash":"bca340886ac1260651b4bbd4fb3a7950a0e79e9a"}
,"/Users/jameskariuki/CP4-yummy-recipes/src/components/logout.js": {"path":"/Users/jameskariuki/CP4-yummy-recipes/src/components/logout.js","statementMap":{"0":{"start":{"line":5,"column":8},"end":{"line":5,"column":36}},"1":{"start":{"line":6,"column":8},"end":{"line":6,"column":41}},"2":{"start":{"line":10,"column":8},"end":{"line":10,"column":30}},"3":{"start":{"line":13,"column":8},"end":{"line":17,"column":10}}},"fnMap":{"0":{"name":"(anonymous_0)","decl":{"start":{"line":4,"column":21},"end":{"line":4,"column":22}},"loc":{"start":{"line":4,"column":27},"end":{"line":8,"column":5}},"line":4},"1":{"name":"(anonymous_1)","decl":{"start":{"line":9,"column":4},"end":{"line":9,"column":5}},"loc":{"start":{"line":9,"column":24},"end":{"line":11,"column":5}},"line":9},"2":{"name":"(anonymous_2)","decl":{"start":{"line":12,"column":4},"end":{"line":12,"column":5}},"loc":{"start":{"line":12,"column":12},"end":{"line":18,"column":5}},"line":12}},"branchMap":{},"s":{"0":0,"1":0,"2":0,"3":0},"f":{"0":0,"1":0,"2":0},"b":{},"_coverageSchema":"332fd63041d2c1bcb487cc26dd0d5f7d97098a6c","hash":"844bbb49ea9e8487ebb4c0f68d812802093093c2"}
,"/Users/jameskariuki/CP4-yummy-recipes/src/components/navbar.js": {"path":"/Users/jameskariuki/CP4-yummy-recipes/src/components/navbar.js","statementMap":{"0":{"start":{"line":5,"column":8},"end":{"line":37,"column":10}}},"fnMap":{"0":{"name":"(anonymous_0)","decl":{"start":{"line":4,"column":4},"end":{"line":4,"column":5}},"loc":{"start":{"line":4,"column":13},"end":{"line":38,"column":5}},"line":4}},"branchMap":{},"s":{"0":0},"f":{"0":0},"b":{},"_coverageSchema":"332fd63041d2c1bcb487cc26dd0d5f7d97098a6c","hash":"a252c2d43a413f645bd0a3c14d463d68df7659e6"}
,"/Users/jameskariuki/CP4-yummy-recipes/src/components/recipes.js": {"path":"/Users/jameskariuki/CP4-yummy-recipes/src/components/recipes.js","statementMap":{},"fnMap":{},"branchMap":{},"s":{},"f":{},"b":{}}
,"/Users/jameskariuki/CP4-yummy-recipes/src/components/register.js": {"path":"/Users/jameskariuki/CP4-yummy-recipes/src/components/register.js","statementMap":{"0":{"start":{"line":7,"column":8},"end":{"line":7,"column":21}},"1":{"start":{"line":8,"column":8},"end":{"line":8,"column":87}},"2":{"start":{"line":11,"column":30},"end":{"line":11,"column":42}},"3":{"start":{"line":12,"column":8},"end":{"line":12,"column":39}},"4":{"start":{"line":17,"column":55},"end":{"line":17,"column":65}},"5":{"start":{"line":18,"column":8},"end":{"line":18,"column":31}},"6":{"start":{"line":19,"column":8},"end":{"line":35,"column":9}},"7":{"start":{"line":20,"column":12},"end":{"line":20,"column":63}},"8":{"start":{"line":24,"column":12},"end":{"line":34,"column":19}},"9":{"start":{"line":26,"column":20},"end":{"line":26,"column":81}},"10":{"start":{"line":29,"column":20},"end":{"line":33,"column":21}},"11":{"start":{"line":30,"column":24},"end":{"line":30,"column":76}},"12":{"start":{"line":31,"column":27},"end":{"line":33,"column":21}},"13":{"start":{"line":32,"column":24},"end":{"line":32,"column":90}},"14":{"start":{"line":39,"column":53},"end":{"line":39,"column":63}},"15":{"start":{"line":40,"column":8},"end":{"line":44,"column":19}},"16":{"start":{"line":41,"column":12},"end":{"line":44,"column":19}},"17":{"start":{"line":45,"column":8},"end":{"line":105,"column":10}}},"fnMap":{"0":{"name":"(anonymous_0)","decl":{"start":{"line":6,"column":4},"end":{"line":6,"column":5}},"loc":{"start":{"line":6,"column":24},"end":{"line":9,"column":5}},"line":6},"1":{"name":"(anonymous_1)","decl":{"start":{"line":10,"column":19},"end":{"line":10,"column":20}},"loc":{"start":{"line":10,"column":30},"end":{"line":13,"column":5}},"line":10},"2":{"name":"(anonymous_2)","decl":{"start":{"line":16,"column":22},"end":{"line":16,"column":23}},"loc":{"start":{"line":16,"column":33},"end":{"line":36,"column":5}},"line":16},"3":{"name":"(anonymous_3)","decl":{"start":{"line":25,"column":22},"end":{"line":25,"column":23}},"loc":{"start":{"line":25,"column":34},"end":{"line":27,"column":17}},"line":25},"4":{"name":"(anonymous_4)","decl":{"start":{"line":28,"column":23},"end":{"line":28,"column":24}},"loc":{"start":{"line":28,"column":32},"end":{"line":34,"column":17}},"line":28},"5":{"name":"(anonymous_5)","decl":{"start":{"line":38,"column":4},"end":{"line":38,"column":5}},"loc":{"start":{"line":38,"column":13},"end":{"line":106,"column":5}},"line":38}},"branchMap":{"0":{"loc":{"start":{"line":19,"column":8},"end":{"line":35,"column":9}},"type":"if","locations":[{"start":{"line":19,"column":8},"end":{"line":35,"column":9}},{"start":{"line":19,"column":8},"end":{"line":35,"column":9}}],"line":19},"1":{"loc":{"start":{"line":29,"column":20},"end":{"line":33,"column":21}},"type":"if","locations":[{"start":{"line":29,"column":20},"end":{"line":33,"column":21}},{"start":{"line":29,"column":20},"end":{"line":33,"column":21}}],"line":29},"2":{"loc":{"start":{"line":31,"column":27},"end":{"line":33,"column":21}},"type":"if","locations":[{"start":{"line":31,"column":27},"end":{"line":33,"column":21}},{"start":{"line":31,"column":27},"end":{"line":33,"column":21}}],"line":31},"3":{"loc":{"start":{"line":40,"column":8},"end":{"line":44,"column":19}},"type":"if","locations":[{"start":{"line":40,"column":8},"end":{"line":44,"column":19}},{"start":{"line":40,"column":8},"end":{"line":44,"column":19}}],"line":40},"4":{"loc":{"start":{"line":55,"column":33},"end":{"line":56,"column":100}},"type":"cond-expr","locations":[{"start":{"line":56,"column":36},"end":{"line":56,"column":96}},{"start":{"line":56,"column":98},"end":{"line":56,"column":100}}],"line":55}},"s":{"0":1,"1":1,"2":0,"3":0,"4":0,"5":0,"6":0,"7":0,"8":0,"9":0,"10":0,"11":0,"12":0,"13":0,"14":1,"15":1,"16":0,"17":1},"f":{"0":1,"1":0,"2":0,"3":0,"4":0,"5":1},"b":{"0":[0,0],"1":[0,0],"2":[0,0],"3":[0,1],"4":[0,1]},"_coverageSchema":"332fd63041d2c1bcb487cc26dd0d5f7d97098a6c","hash":"95f2d651dd3343fa6c1a3d94137f0663391e7775"}
,"/Users/jameskariuki/CP4-yummy-recipes/src/components/reset_password.js": {"path":"/Users/jameskariuki/CP4-yummy-recipes/src/components/reset_password.js","statementMap":{"0":{"start":{"line":6,"column":8},"end":{"line":6,"column":21}},"1":{"start":{"line":7,"column":8},"end":{"line":7,"column":33}},"2":{"start":{"line":11,"column":30},"end":{"line":11,"column":42}},"3":{"start":{"line":12,"column":8},"end":{"line":12,"column":39}},"4":{"start":{"line":16,"column":24},"end":{"line":16,"column":34}},"5":{"start":{"line":17,"column":8},"end":{"line":17,"column":31}},"6":{"start":{"line":18,"column":8},"end":{"line":29,"column":15}},"7":{"start":{"line":20,"column":16},"end":{"line":20,"column":73}},"8":{"start":{"line":23,"column":16},"end":{"line":28,"column":17}},"9":{"start":{"line":24,"column":20},"end":{"line":24,"column":82}},"10":{"start":{"line":25,"column":20},"end":{"line":25,"column":47}},"11":{"start":{"line":26,"column":23},"end":{"line":28,"column":17}},"12":{"start":{"line":27,"column":20},"end":{"line":27,"column":127}},"13":{"start":{"line":32,"column":8},"end":{"line":66,"column":10}}},"fnMap":{"0":{"name":"(anonymous_0)","decl":{"start":{"line":5,"column":4},"end":{"line":5,"column":5}},"loc":{"start":{"line":5,"column":22},"end":{"line":8,"column":5}},"line":5},"1":{"name":"(anonymous_1)","decl":{"start":{"line":10,"column":19},"end":{"line":10,"column":20}},"loc":{"start":{"line":10,"column":30},"end":{"line":13,"column":5}},"line":10},"2":{"name":"(anonymous_2)","decl":{"start":{"line":15,"column":29},"end":{"line":15,"column":30}},"loc":{"start":{"line":15,"column":40},"end":{"line":30,"column":5}},"line":15},"3":{"name":"(anonymous_3)","decl":{"start":{"line":19,"column":18},"end":{"line":19,"column":19}},"loc":{"start":{"line":19,"column":30},"end":{"line":21,"column":13}},"line":19},"4":{"name":"(anonymous_4)","decl":{"start":{"line":22,"column":19},"end":{"line":22,"column":20}},"loc":{"start":{"line":22,"column":28},"end":{"line":29,"column":13}},"line":22},"5":{"name":"(anonymous_5)","decl":{"start":{"line":31,"column":4},"end":{"line":31,"column":5}},"loc":{"start":{"line":31,"column":13},"end":{"line":67,"column":5}},"line":31}},"branchMap":{"0":{"loc":{"start":{"line":23,"column":16},"end":{"line":28,"column":17}},"type":"if","locations":[{"start":{"line":23,"column":16},"end":{"line":28,"column":17}},{"start":{"line":23,"column":16},"end":{"line":28,"column":17}}],"line":23},"1":{"loc":{"start":{"line":26,"column":23},"end":{"line":28,"column":17}},"type":"if","locations":[{"start":{"line":26,"column":23},"end":{"line":28,"column":17}},{"start":{"line":26,"column":23},"end":{"line":28,"column":17}}],"line":26},"2":{"loc":{"start":{"line":44,"column":20},"end":{"line":45,"column":96}},"type":"cond-expr","locations":[{"start":{"line":45,"column":32},"end":{"line":45,"column":92}},{"start":{"line":45,"column":94},"end":{"line":45,"column":96}}],"line":44},"3":{"loc":{"start":{"line":46,"column":33},"end":{"line":47,"column":96}},"type":"cond-expr","locations":[{"start":{"line":47,"column":32},"end":{"line":47,"column":92}},{"start":{"line":47,"column":94},"end":{"line":47,"column":96}}],"line":46}},"s":{"0":0,"1":0,"2":0,"3":0,"4":0,"5":0,"6":0,"7":0,"8":0,"9":0,"10":0,"11":0,"12":0,"13":0},"f":{"0":0,"1":0,"2":0,"3":0,"4":0,"5":0},"b":{"0":[0,0],"1":[0,0],"2":[0,0],"3":[0,0]},"_coverageSchema":"332fd63041d2c1bcb487cc26dd0d5f7d97098a6c","hash":"d9ce5b647e8b84742c5a6cc938aa5a7b050099da"}
,"/Users/jameskariuki/CP4-yummy-recipes/src/components/toasterSuccess.js": {"path":"/Users/jameskariuki/CP4-yummy-recipes/src/components/toasterSuccess.js","statementMap":{"0":{"start":{"line":3,"column":16},"end":{"line":13,"column":1}},"1":{"start":{"line":4,"column":4},"end":{"line":12,"column":5}}},"fnMap":{"0":{"name":"(anonymous_0)","decl":{"start":{"line":3,"column":16},"end":{"line":3,"column":17}},"loc":{"start":{"line":3,"column":22},"end":{"line":13,"column":1}},"line":3}},"branchMap":{},"s":{"0":2,"1":0},"f":{"0":0},"b":{},"_coverageSchema":"332fd63041d2c1bcb487cc26dd0d5f7d97098a6c","hash":"1253f5ee15727d79ff1cce401d56ee54895abcba"}
}
